\BOOKMARK [0][-]{chapter*.2}{Wstep}{}% 1
\BOOKMARK [0][-]{chapter.1}{Podstawy teorii graf\363w}{}% 2
\BOOKMARK [1][-]{section.1.1}{Pojecie grafu}{chapter.1}% 3
\BOOKMARK [1][-]{section.1.2}{Reprezentacja graf\363w w komputerze}{chapter.1}% 4
\BOOKMARK [1][-]{section.1.3}{Podstawowe algorytmy badania graf\363w}{chapter.1}% 5
\BOOKMARK [1][-]{section.1.4}{Problem najkr\363tszych sciezek w grafie wazonym}{chapter.1}% 6
\BOOKMARK [0][-]{chapter.2}{Om\363wienie wybranych algorytm\363w}{}% 7
\BOOKMARK [1][-]{section.2.1}{Algorytmy wyznaczajace sciezki z jednego zr\363d\233a}{chapter.2}% 8
\BOOKMARK [2][-]{subsection.2.1.1}{Algorytm Dijkstry}{section.2.1}% 9
\BOOKMARK [2][-]{subsection.2.1.2}{Algorytm Bellmana-Forda}{section.2.1}% 10
\BOOKMARK [1][-]{section.2.2}{Algorytmy wyznaczajace sciezki miedzy wszystkimi wierzcho\233kami}{chapter.2}% 11
\BOOKMARK [2][-]{subsection.2.2.1}{Wyznaczanie najkr\363tszych sciezek a mnozenie macierzy - algorytm z iloczynem odleg\233osci}{section.2.2}% 12
\BOOKMARK [2][-]{subsection.2.2.2}{Algorytm Floyda-Warshalla}{section.2.2}% 13
\BOOKMARK [2][-]{subsection.2.2.3}{Algorytm Johnsona}{section.2.2}% 14
\BOOKMARK [0][-]{chapter.3}{Implementacja wybranych algorytm\363w w jezyku Python}{}% 15
\BOOKMARK [1][-]{section.3.1}{Algorytm Dijkstry}{chapter.3}% 16
\BOOKMARK [1][-]{section.3.2}{Algorytm Bellmana-Forda}{chapter.3}% 17
\BOOKMARK [1][-]{section.3.3}{Algorytm z iloczynem odleg\233osci}{chapter.3}% 18
\BOOKMARK [1][-]{section.3.4}{Algorytm Floyda-Warshalla}{chapter.3}% 19
\BOOKMARK [1][-]{section.3.5}{Algorytm Johnsona}{chapter.3}% 20
\BOOKMARK [0][-]{chapter.4}{Z\233ozonosc i por\363wnanie algorytm\363w}{}% 21
\BOOKMARK [1][-]{section.4.1}{Z\233ozonosci algorytm\363w}{chapter.4}% 22
\BOOKMARK [2][-]{subsection.4.1.1}{Najkr\363tsze sciezki z jednym zr\363d\233em}{section.4.1}% 23
\BOOKMARK [2][-]{subsection.4.1.2}{Najkr\363tsze sciezki miedzy wszystkimi parami wierzcho\233k\363w}{section.4.1}% 24
\BOOKMARK [1][-]{section.4.2}{Dalsze por\363wnania czas\363w dzia\233ania algorytm\363w}{chapter.4}% 25
\BOOKMARK [1][-]{section.4.3}{Podsumowanie}{chapter.4}% 26
\BOOKMARK [0][-]{chapter*.68}{Zakonczenie}{}% 27
\BOOKMARK [0][-]{appendix*.69}{Dodatki}{}% 28
\BOOKMARK [1][-]{section.Alph0.1}{Elementy z\233ozonosci obliczeniowej i notacja asymptotyczna}{appendix*.69}% 29
\BOOKMARK [1][-]{section.Alph0.2}{Wybrane kody zr\363d\233owe}{appendix*.69}% 30
\BOOKMARK [0][-]{appendix*.70}{Literatura}{}% 31
