This is pdfTeX, Version 3.14159265-2.6-1.40.20 (MiKTeX 2.9.7050 64-bit) (preloaded format=pdflatex 2019.4.12)  10 SEP 2019 23:33
entering extended mode
**./Jakub_Wasik.tex
(Jakub_Wasik.tex
LaTeX2e <2018-12-01>
("C:\Program Files\MiKTeX 2.9\tex/latex/base\book.cls"
Document Class: book 2018/09/03 v1.4i Standard LaTeX document class
("C:\Program Files\MiKTeX 2.9\tex/latex/base\bk12.clo"
File: bk12.clo 2018/09/03 v1.4i Standard LaTeX file (size option)
)
\c@part=\count80
\c@chapter=\count81
\c@section=\count82
\c@subsection=\count83
\c@subsubsection=\count84
\c@paragraph=\count85
\c@subparagraph=\count86
\c@figure=\count87
\c@table=\count88
\abovecaptionskip=\skip41
\belowcaptionskip=\skip42
\bibindent=\dimen102
)
("C:\Program Files\MiKTeX 2.9\tex/latex/polski\polski.sty"
Package: polski 2017/05/04 v1.3.4 Polish language package

("C:\Program Files\MiKTeX 2.9\tex/latex/polski\qxenc.def"
File: qxenc.def 2002/01/11 v0.05a QX font encoding definition
Now handling font encoding QX ...
... no UTF-8 mapping file for font encoding QX
LaTeX Info: Composite with undeclared \. in encoding QX on input line 46.
LaTeX Info: Composite with undeclared \k in encoding QX on input line 92.
))
("C:\Program Files\MiKTeX 2.9\tex/latex/base\inputenc.sty"
Package: inputenc 2018/08/11 v1.3c Input encoding file
\inpenc@prehook=\toks14
\inpenc@posthook=\toks15
)
("C:\Program Files\MiKTeX 2.9\tex/latex/base\latexsym.sty"
Package: latexsym 1998/08/17 v2.2e Standard LaTeX package (lasy symbols)
\symlasy=\mathgroup4
LaTeX Font Info:    Overwriting symbol font `lasy' in version `bold'
(Font)                  U/lasy/m/n --> U/lasy/b/n on input line 52.
)
("C:\Program Files\MiKTeX 2.9\tex/latex/tex-gyre\tgpagella.sty"
Package: tgpagella 2009/09/27 v1.2 TeX Gyre Pagella as default roman family

("C:\Program Files\MiKTeX 2.9\tex/latex/oberdiek\kvoptions.sty"
Package: kvoptions 2016/05/16 v3.12 Key value format for package options (HO)

("C:\Program Files\MiKTeX 2.9\tex/latex/graphics\keyval.sty"
Package: keyval 2014/10/28 v1.15 key=value parser (DPC)
\KV@toks@=\toks16
)
("C:\Program Files\MiKTeX 2.9\tex/generic/oberdiek\ltxcmds.sty"
Package: ltxcmds 2016/05/16 v1.23 LaTeX kernel commands for general use (HO)
)
("C:\Program Files\MiKTeX 2.9\tex/generic/oberdiek\kvsetkeys.sty"
Package: kvsetkeys 2016/05/16 v1.17 Key value parser (HO)

("C:\Program Files\MiKTeX 2.9\tex/generic/oberdiek\infwarerr.sty"
Package: infwarerr 2016/05/16 v1.4 Providing info/warning/error messages (HO)
)
("C:\Program Files\MiKTeX 2.9\tex/generic/oberdiek\etexcmds.sty"
Package: etexcmds 2016/05/16 v1.6 Avoid name clashes with e-TeX commands (HO)

("C:\Program Files\MiKTeX 2.9\tex/generic/oberdiek\ifluatex.sty"
Package: ifluatex 2016/05/16 v1.4 Provides the ifluatex switch (HO)
Package ifluatex Info: LuaTeX not detected.
)))))
("C:\Program Files\MiKTeX 2.9\tex/latex/lm\lmodern.sty"
Package: lmodern 2009/10/30 v1.6 Latin Modern Fonts
LaTeX Font Info:    Overwriting symbol font `operators' in version `normal'
(Font)                  OT1/cmr/m/n --> OT1/lmr/m/n on input line 22.
LaTeX Font Info:    Overwriting symbol font `letters' in version `normal'
(Font)                  OML/cmm/m/it --> OML/lmm/m/it on input line 23.
LaTeX Font Info:    Overwriting symbol font `symbols' in version `normal'
(Font)                  OMS/cmsy/m/n --> OMS/lmsy/m/n on input line 24.
LaTeX Font Info:    Overwriting symbol font `largesymbols' in version `normal'
(Font)                  OMX/cmex/m/n --> OMX/lmex/m/n on input line 25.
LaTeX Font Info:    Overwriting symbol font `operators' in version `bold'
(Font)                  OT1/cmr/bx/n --> OT1/lmr/bx/n on input line 26.
LaTeX Font Info:    Overwriting symbol font `letters' in version `bold'
(Font)                  OML/cmm/b/it --> OML/lmm/b/it on input line 27.
LaTeX Font Info:    Overwriting symbol font `symbols' in version `bold'
(Font)                  OMS/cmsy/b/n --> OMS/lmsy/b/n on input line 28.
LaTeX Font Info:    Overwriting symbol font `largesymbols' in version `bold'
(Font)                  OMX/cmex/m/n --> OMX/lmex/m/n on input line 29.
LaTeX Font Info:    Overwriting math alphabet `\mathbf' in version `normal'
(Font)                  OT1/cmr/bx/n --> OT1/lmr/bx/n on input line 31.
LaTeX Font Info:    Overwriting math alphabet `\mathsf' in version `normal'
(Font)                  OT1/cmss/m/n --> OT1/lmss/m/n on input line 32.
LaTeX Font Info:    Overwriting math alphabet `\mathit' in version `normal'
(Font)                  OT1/cmr/m/it --> OT1/lmr/m/it on input line 33.
LaTeX Font Info:    Overwriting math alphabet `\mathtt' in version `normal'
(Font)                  OT1/cmtt/m/n --> OT1/lmtt/m/n on input line 34.
LaTeX Font Info:    Overwriting math alphabet `\mathbf' in version `bold'
(Font)                  OT1/cmr/bx/n --> OT1/lmr/bx/n on input line 35.
LaTeX Font Info:    Overwriting math alphabet `\mathsf' in version `bold'
(Font)                  OT1/cmss/bx/n --> OT1/lmss/bx/n on input line 36.
LaTeX Font Info:    Overwriting math alphabet `\mathit' in version `bold'
(Font)                  OT1/cmr/bx/it --> OT1/lmr/bx/it on input line 37.
LaTeX Font Info:    Overwriting math alphabet `\mathtt' in version `bold'
(Font)                  OT1/cmtt/m/n --> OT1/lmtt/m/n on input line 38.
)
("C:\Program Files\MiKTeX 2.9\tex/latex/mathtools\mathtools.sty"
Package: mathtools 2018/01/08 v1.21 mathematical typesetting tools

("C:\Program Files\MiKTeX 2.9\tex/latex/tools\calc.sty"
Package: calc 2017/05/25 v4.3 Infix arithmetic (KKT,FJ)
\calc@Acount=\count89
\calc@Bcount=\count90
\calc@Adimen=\dimen103
\calc@Bdimen=\dimen104
\calc@Askip=\skip43
\calc@Bskip=\skip44
LaTeX Info: Redefining \setlength on input line 80.
LaTeX Info: Redefining \addtolength on input line 81.
\calc@Ccount=\count91
\calc@Cskip=\skip45
)
("C:\Program Files\MiKTeX 2.9\tex/latex/mathtools\mhsetup.sty"
Package: mhsetup 2017/03/31 v1.3 programming setup (MH)
)
("C:\Program Files\MiKTeX 2.9\tex/latex/amsmath\amsmath.sty"
Package: amsmath 2018/12/01 v2.17b AMS math features
\@mathmargin=\skip46

For additional information on amsmath, use the `?' option.
("C:\Program Files\MiKTeX 2.9\tex/latex/amsmath\amstext.sty"
Package: amstext 2000/06/29 v2.01 AMS text

("C:\Program Files\MiKTeX 2.9\tex/latex/amsmath\amsgen.sty"
File: amsgen.sty 1999/11/30 v2.0 generic functions
\@emptytoks=\toks17
\ex@=\dimen105
))
("C:\Program Files\MiKTeX 2.9\tex/latex/amsmath\amsbsy.sty"
Package: amsbsy 1999/11/29 v1.2d Bold Symbols
\pmbraise@=\dimen106
)
("C:\Program Files\MiKTeX 2.9\tex/latex/amsmath\amsopn.sty"
Package: amsopn 2016/03/08 v2.02 operator names
)
\inf@bad=\count92
LaTeX Info: Redefining \frac on input line 223.
\uproot@=\count93
\leftroot@=\count94
LaTeX Info: Redefining \overline on input line 385.
\classnum@=\count95
\DOTSCASE@=\count96
LaTeX Info: Redefining \ldots on input line 482.
LaTeX Info: Redefining \dots on input line 485.
LaTeX Info: Redefining \cdots on input line 606.
\Mathstrutbox@=\box27
\strutbox@=\box28
\big@size=\dimen107
LaTeX Font Info:    Redeclaring font encoding OML on input line 729.
LaTeX Font Info:    Redeclaring font encoding OMS on input line 730.
\macc@depth=\count97
\c@MaxMatrixCols=\count98
\dotsspace@=\muskip10
\c@parentequation=\count99
\dspbrk@lvl=\count100
\tag@help=\toks18
\row@=\count101
\column@=\count102
\maxfields@=\count103
\andhelp@=\toks19
\eqnshift@=\dimen108
\alignsep@=\dimen109
\tagshift@=\dimen110
\tagwidth@=\dimen111
\totwidth@=\dimen112
\lineht@=\dimen113
\@envbody=\toks20
\multlinegap=\skip47
\multlinetaggap=\skip48
\mathdisplay@stack=\toks21
LaTeX Info: Redefining \[ on input line 2844.
LaTeX Info: Redefining \] on input line 2845.
)
LaTeX Info: Thecontrolsequence`\('isalreadyrobust on input line 129.
LaTeX Info: Thecontrolsequence`\)'isalreadyrobust on input line 129.
LaTeX Info: Thecontrolsequence`\['isalreadyrobust on input line 129.
LaTeX Info: Thecontrolsequence`\]'isalreadyrobust on input line 129.
\g_MT_multlinerow_int=\count104
\l_MT_multwidth_dim=\dimen114
\origjot=\skip49
\l_MT_shortvdotswithinadjustabove_dim=\dimen115
\l_MT_shortvdotswithinadjustbelow_dim=\dimen116
\l_MT_above_intertext_sep=\dimen117
\l_MT_below_intertext_sep=\dimen118
\l_MT_above_shortintertext_sep=\dimen119
\l_MT_below_shortintertext_sep=\dimen120
)
("C:\Program Files\MiKTeX 2.9\tex/latex/amscls\amsthm.sty"
Package: amsthm 2017/10/31 v2.20.4
\thm@style=\toks22
\thm@bodyfont=\toks23
\thm@headfont=\toks24
\thm@notefont=\toks25
\thm@headpunct=\toks26
\thm@preskip=\skip50
\thm@postskip=\skip51
\thm@headsep=\skip52
\dth@everypar=\toks27
)
("C:\Program Files\MiKTeX 2.9\tex/latex/amsfonts\amsfonts.sty"
Package: amsfonts 2013/01/14 v3.01 Basic AMSFonts support
\symAMSa=\mathgroup5
\symAMSb=\mathgroup6
LaTeX Font Info:    Overwriting math alphabet `\mathfrak' in version `bold'
(Font)                  U/euf/m/n --> U/euf/b/n on input line 106.
)
("C:\Program Files\MiKTeX 2.9\tex/latex/amsfonts\amssymb.sty"
Package: amssymb 2013/01/14 v3.01 AMS font symbols
)
("C:\Program Files\MiKTeX 2.9\tex/latex/base\alltt.sty"
Package: alltt 1997/06/16 v2.0g defines alltt environment
)
("C:\Program Files\MiKTeX 2.9\tex/latex/graphics\epsfig.sty"
Package: epsfig 2017/06/25 v1.7b (e)psfig emulation (SPQR)

("C:\Program Files\MiKTeX 2.9\tex/latex/graphics\graphicx.sty"
Package: graphicx 2017/06/01 v1.1a Enhanced LaTeX Graphics (DPC,SPQR)

("C:\Program Files\MiKTeX 2.9\tex/latex/graphics\graphics.sty"
Package: graphics 2017/06/25 v1.2c Standard LaTeX Graphics (DPC,SPQR)

("C:\Program Files\MiKTeX 2.9\tex/latex/graphics\trig.sty"
Package: trig 2016/01/03 v1.10 sin cos tan (DPC)
)
("C:\Program Files\MiKTeX 2.9\tex/latex/graphics-cfg\graphics.cfg"
File: graphics.cfg 2016/06/04 v1.11 sample graphics configuration
)
Package graphics Info: Driver file: pdftex.def on input line 99.

("C:\Program Files\MiKTeX 2.9\tex/latex/graphics-def\pdftex.def"
File: pdftex.def 2018/01/08 v1.0l Graphics/color driver for pdftex
))
\Gin@req@height=\dimen121
\Gin@req@width=\dimen122
)
\epsfxsize=\dimen123
\epsfysize=\dimen124
)
("C:\Program Files\MiKTeX 2.9\tex/latex/oberdiek\pdflscape.sty"
Package: pdflscape 2016/05/14 v0.11 Display of landscape pages in PDF (HO)

("C:\Program Files\MiKTeX 2.9\tex/latex/graphics\lscape.sty"
Package: lscape 2000/10/22 v3.01 Landscape Pages (DPC)
)
("C:\Program Files\MiKTeX 2.9\tex/generic/oberdiek\ifpdf.sty"
Package: ifpdf 2018/09/07 v3.3 Provides the ifpdf switch
)
Package pdflscape Info: Auto-detected driver: pdftex on input line 81.

("C:\Program Files\MiKTeX 2.9\tex/generic/ifxetex\ifxetex.sty"
Package: ifxetex 2010/09/12 v0.6 Provides ifxetex conditional
))
("C:\Program Files\MiKTeX 2.9\tex/latex/caption\caption.sty"
Package: caption 2018/10/06 v3.3-154 Customizing captions (AR)

("C:\Program Files\MiKTeX 2.9\tex/latex/caption\caption3.sty"
Package: caption3 2018/09/12 v1.8c caption3 kernel (AR)
Package caption3 Info: TeX engine: e-TeX on input line 64.
\captionmargin=\dimen125
\captionmargin@=\dimen126
\captionwidth=\dimen127
\caption@tempdima=\dimen128
\caption@indent=\dimen129
\caption@parindent=\dimen130
\caption@hangindent=\dimen131
)
\c@caption@flags=\count105
\c@ContinuedFloat=\count106
)
("C:\Program Files\MiKTeX 2.9\tex/latex/tools\indentfirst.sty"
Package: indentfirst 1995/11/23 v1.03 Indent first paragraph (DPC)
)
("C:\Program Files\MiKTeX 2.9\tex/latex/cite\cite.sty"
LaTeX Info: Redefining \cite on input line 302.
LaTeX Info: Redefining \nocite on input line 332.
Package: cite 2015/02/27  v 5.5
)
("C:\Program Files\MiKTeX 2.9\tex/latex/boondox\boondox-calo.sty"

LaTeX Warning: You have requested package `boondox-calo',
               but the package provides `BOONDOX-calo'.

Package: BOONDOX-calo 2017/02/25 v1.02 U/BOONDOX-calo
("C:\Program Files\MiKTeX 2.9\tex/latex/xkeyval\xkeyval.sty"
Package: xkeyval 2014/12/03 v2.7a package option processing (HA)

("C:\Program Files\MiKTeX 2.9\tex/generic/xkeyval\xkeyval.tex"
("C:\Program Files\MiKTeX 2.9\tex/generic/xkeyval\xkvutils.tex"
\XKV@toks=\toks28
\XKV@tempa@toks=\toks29
)
\XKV@depth=\count107
File: xkeyval.tex 2014/12/03 v2.7a key=value parser (HA)
))
LaTeX Font Info:    Redeclaring math alphabet \mathcal on input line 10.
LaTeX Font Info:    Overwriting math alphabet `\mathcal' in version `bold'
(Font)                  U/BOONDOX-calo/m/n --> U/BOONDOX-calo/b/n on input line
 11.
)
("C:\Program Files\MiKTeX 2.9\tex/latex/float\float.sty"
Package: float 2001/11/08 v1.3d Float enhancements (AL)
\c@float@type=\count108
\float@exts=\toks30
\float@box=\box29
\@float@everytoks=\toks31
\@floatcapt=\box30
)
("C:\Program Files\MiKTeX 2.9\tex/latex/caption\subcaption.sty"
Package: subcaption 2018/05/01 v1.1-162 Sub-captions (AR)
\c@subfigure=\count109
\c@subtable=\count110
)
("C:\Program Files\MiKTeX 2.9\tex/latex/graphics\color.sty"
Package: color 2016/07/10 v1.1e Standard LaTeX Color (DPC)

("C:\Program Files\MiKTeX 2.9\tex/latex/graphics-cfg\color.cfg"
File: color.cfg 2016/01/02 v1.6 sample color configuration
)
Package color Info: Driver file: pdftex.def on input line 147.
)
("C:\Program Files\MiKTeX 2.9\tex/latex/xcolor\xcolor.sty"
Package: xcolor 2016/05/11 v2.12 LaTeX color extensions (UK)

("C:\Program Files\MiKTeX 2.9\tex/latex/graphics-cfg\color.cfg"
File: color.cfg 2016/01/02 v1.6 sample color configuration
)
Package xcolor Info: Driver file: pdftex.def on input line 225.

("C:\Program Files\MiKTeX 2.9\tex/latex/colortbl\colortbl.sty"
Package: colortbl 2018/12/12 v1.0d Color table columns (DPC)

("C:\Program Files\MiKTeX 2.9\tex/latex/tools\array.sty"
Package: array 2018/12/30 v2.4k Tabular extension package (FMi)
\col@sep=\dimen132
\ar@mcellbox=\box31
\extrarowheight=\dimen133
\NC@list=\toks32
\extratabsurround=\skip53
\backup@length=\skip54
\ar@cellbox=\box32
)
\everycr=\toks33
\minrowclearance=\skip55
)
LaTeX Info: Redefining \color on input line 709.
\rownum=\count111
Package xcolor Info: Model `cmy' substituted by `cmy0' on input line 1348.
Package xcolor Info: Model `hsb' substituted by `rgb' on input line 1352.
Package xcolor Info: Model `RGB' extended on input line 1364.
Package xcolor Info: Model `HTML' substituted by `rgb' on input line 1366.
Package xcolor Info: Model `Hsb' substituted by `hsb' on input line 1367.
Package xcolor Info: Model `tHsb' substituted by `hsb' on input line 1368.
Package xcolor Info: Model `HSB' substituted by `hsb' on input line 1369.
Package xcolor Info: Model `Gray' substituted by `gray' on input line 1370.
Package xcolor Info: Model `wave' substituted by `hsb' on input line 1371.

("C:\Program Files\MiKTeX 2.9\tex/latex/graphics\dvipsnam.def"
File: dvipsnam.def 2016/06/17 v3.0m Driver-dependent file (DPC,SPQR)
)
("C:\Program Files\MiKTeX 2.9\tex/latex/xcolor\x11nam.def"
File: x11nam.def 2016/05/11 v2.12 Predefined colors according to Unix/X11 (UK)
))
("C:\Program Files\MiKTeX 2.9\tex/latex/hyperref\hyperref.sty"
Package: hyperref 2018/11/30 v6.88e Hypertext links for LaTeX

("C:\Program Files\MiKTeX 2.9\tex/generic/oberdiek\hobsub-hyperref.sty"
Package: hobsub-hyperref 2016/05/16 v1.14 Bundle oberdiek, subset hyperref (HO)


("C:\Program Files\MiKTeX 2.9\tex/generic/oberdiek\hobsub-generic.sty"
Package: hobsub-generic 2016/05/16 v1.14 Bundle oberdiek, subset generic (HO)
Package: hobsub 2016/05/16 v1.14 Construct package bundles (HO)
Package hobsub Info: Skipping package `infwarerr' (already loaded).
Package hobsub Info: Skipping package `ltxcmds' (already loaded).
Package hobsub Info: Skipping package `ifluatex' (already loaded).
Package: ifvtex 2016/05/16 v1.6 Detect VTeX and its facilities (HO)
Package ifvtex Info: VTeX not detected.
Package: intcalc 2016/05/16 v1.2 Expandable calculations with integers (HO)
Package hobsub Info: Skipping package `ifpdf' (already loaded).
Package hobsub Info: Skipping package `etexcmds' (already loaded).
Package hobsub Info: Skipping package `kvsetkeys' (already loaded).
Package: kvdefinekeys 2016/05/16 v1.4 Define keys (HO)
Package: pdftexcmds 2018/09/10 v0.29 Utility functions of pdfTeX for LuaTeX (HO
)
Package pdftexcmds Info: LuaTeX not detected.
Package pdftexcmds Info: \pdf@primitive is available.
Package pdftexcmds Info: \pdf@ifprimitive is available.
Package pdftexcmds Info: \pdfdraftmode found.
Package: pdfescape 2016/05/16 v1.14 Implements pdfTeX's escape features (HO)
Package: bigintcalc 2016/05/16 v1.4 Expandable calculations on big integers (HO
)
Package: bitset 2016/05/16 v1.2 Handle bit-vector datatype (HO)
Package: uniquecounter 2016/05/16 v1.3 Provide unlimited unique counter (HO)
)
Package hobsub Info: Skipping package `hobsub' (already loaded).
Package: letltxmacro 2016/05/16 v1.5 Let assignment for LaTeX macros (HO)
Package: hopatch 2016/05/16 v1.3 Wrapper for package hooks (HO)
Package: xcolor-patch 2016/05/16 xcolor patch
Package: atveryend 2016/05/16 v1.9 Hooks at the very end of document (HO)
Package atveryend Info: \enddocument detected (standard20110627).
Package: atbegshi 2016/06/09 v1.18 At begin shipout hook (HO)
Package: refcount 2016/05/16 v3.5 Data extraction from label references (HO)
Package: hycolor 2016/05/16 v1.8 Color options for hyperref/bookmark (HO)
)
("C:\Program Files\MiKTeX 2.9\tex/latex/oberdiek\auxhook.sty"
Package: auxhook 2016/05/16 v1.4 Hooks for auxiliary files (HO)
)
\@linkdim=\dimen134
\Hy@linkcounter=\count112
\Hy@pagecounter=\count113

("C:\Program Files\MiKTeX 2.9\tex/latex/hyperref\pd1enc.def"
File: pd1enc.def 2018/11/30 v6.88e Hyperref: PDFDocEncoding definition (HO)
Now handling font encoding PD1 ...
... no UTF-8 mapping file for font encoding PD1
)
\Hy@SavedSpaceFactor=\count114

("C:\Program Files\MiKTeX 2.9\tex/latex/00miktex\hyperref.cfg"
File: hyperref.cfg 2002/06/06 v1.2 hyperref configuration of TeXLive
)
Package hyperref Info: Hyper figures OFF on input line 4519.
Package hyperref Info: Link nesting OFF on input line 4524.
Package hyperref Info: Hyper index ON on input line 4527.
Package hyperref Info: Plain pages OFF on input line 4534.
Package hyperref Info: Backreferencing OFF on input line 4539.
Package hyperref Info: Implicit mode ON; LaTeX internals redefined.
Package hyperref Info: Bookmarks ON on input line 4772.
\c@Hy@tempcnt=\count115

("C:\Program Files\MiKTeX 2.9\tex/latex/url\url.sty"
\Urlmuskip=\muskip11
Package: url 2013/09/16  ver 3.4  Verb mode for urls, etc.
)
LaTeX Info: Redefining \url on input line 5125.
\XeTeXLinkMargin=\dimen135
\Fld@menulength=\count116
\Field@Width=\dimen136
\Fld@charsize=\dimen137
Package hyperref Info: Hyper figures OFF on input line 6380.
Package hyperref Info: Link nesting OFF on input line 6385.
Package hyperref Info: Hyper index ON on input line 6388.
Package hyperref Info: backreferencing OFF on input line 6395.
Package hyperref Info: Link coloring OFF on input line 6400.
Package hyperref Info: Link coloring with OCG OFF on input line 6405.
Package hyperref Info: PDF/A mode OFF on input line 6410.
LaTeX Info: Redefining \ref on input line 6450.
LaTeX Info: Redefining \pageref on input line 6454.
\Hy@abspage=\count117
\c@Item=\count118
\c@Hfootnote=\count119
)
Package hyperref Info: Driver (autodetected): hpdftex.

("C:\Program Files\MiKTeX 2.9\tex/latex/hyperref\hpdftex.def"
File: hpdftex.def 2018/11/30 v6.88e Hyperref driver for pdfTeX
\Fld@listcount=\count120
\c@bookmark@seq@number=\count121

("C:\Program Files\MiKTeX 2.9\tex/latex/oberdiek\rerunfilecheck.sty"
Package: rerunfilecheck 2016/05/16 v1.8 Rerun checks for auxiliary files (HO)
Package uniquecounter Info: New unique counter `rerunfilecheck' on input line 2
82.
)
\Hy@SectionHShift=\skip56
)
Package hyperref Info: Option `colorlinks' set `true' on input line 29.

("C:\Program Files\MiKTeX 2.9\tex/latex/algorithm2e\algorithm2e.sty"
Package: algorithm2e 2017/07/18 v5.2 algorithms environments
\c@AlgoLine=\count122

("C:\Program Files\MiKTeX 2.9\tex/latex/base\ifthen.sty"
Package: ifthen 2014/09/29 v1.1c Standard LaTeX ifthen package (DPC)
)
\algocf@hangindent=\skip57

("C:\Program Files\MiKTeX 2.9\tex/latex/ifoddpage\ifoddpage.sty"
Package: ifoddpage 2016/04/23 v1.1 Conditionals for odd/even page detection
\c@checkoddpage=\count123
)
("C:\Program Files\MiKTeX 2.9\tex/latex/tools\xspace.sty"
Package: xspace 2014/10/28 v1.13 Space after command names (DPC,MH)
)
("C:\Program Files\MiKTeX 2.9\tex/latex/relsize\relsize.sty"
Package: relsize 2013/03/29 ver 4.1
)
\skiptotal=\skip58
\skiplinenumber=\skip59
\skiprule=\skip60
\skiphlne=\skip61
\skiptext=\skip62
\skiplength=\skip63
\algomargin=\skip64
\skipalgocfslide=\skip65
\algowidth=\dimen138
\inoutsize=\dimen139
\inoutindent=\dimen140
\interspacetitleruled=\dimen141
\interspacealgoruled=\dimen142
\interspacetitleboxruled=\dimen143
\algocf@ruledwidth=\skip66
\algocf@inoutbox=\box33
\algocf@inputbox=\box34
\AlCapSkip=\skip67
\AlCapHSkip=\skip68
\algoskipindent=\skip69
\algocf@nlbox=\box35
\algocf@hangingbox=\box36
\algocf@untilbox=\box37
\algocf@skipuntil=\skip70
\algocf@capbox=\box38
\algocf@lcaptionbox=\skip71
\algoheightruledefault=\skip72
\algoheightrule=\skip73
\algotitleheightruledefault=\skip74
\algotitleheightrule=\skip75
\c@algocfline=\count124
\c@algocfproc=\count125
\c@algocf=\count126
\algocf@algoframe=\box39
\algocf@algobox=\box40
)
("C:\Program Files\MiKTeX 2.9\tex/latex/pgf/frontendlayer\tikz.sty"
("C:\Program Files\MiKTeX 2.9\tex/latex/pgf/basiclayer\pgf.sty"
("C:\Program Files\MiKTeX 2.9\tex/latex/pgf/utilities\pgfrcs.sty"
("C:\Program Files\MiKTeX 2.9\tex/generic/pgf/utilities\pgfutil-common.tex"
\pgfutil@everybye=\toks34
\pgfutil@tempdima=\dimen144
\pgfutil@tempdimb=\dimen145

("C:\Program Files\MiKTeX 2.9\tex/generic/pgf/utilities\pgfutil-common-lists.te
x")) ("C:\Program Files\MiKTeX 2.9\tex/generic/pgf/utilities\pgfutil-latex.def"
\pgfutil@abb=\box41
("C:\Program Files\MiKTeX 2.9\tex/latex/ms\everyshi.sty"
Package: everyshi 2001/05/15 v3.00 EveryShipout Package (MS)
))
("C:\Program Files\MiKTeX 2.9\tex/generic/pgf/utilities\pgfrcs.code.tex"
("C:\Program Files\MiKTeX 2.9\tex/generic/pgf\pgf.revision.tex")
Package: pgfrcs 2019/05/09 v3.1.3 (3.1.3)
))
Package: pgf 2019/05/09 v3.1.3 (3.1.3)

("C:\Program Files\MiKTeX 2.9\tex/latex/pgf/basiclayer\pgfcore.sty"
("C:\Program Files\MiKTeX 2.9\tex/latex/pgf/systemlayer\pgfsys.sty"
("C:\Program Files\MiKTeX 2.9\tex/generic/pgf/systemlayer\pgfsys.code.tex"
Package: pgfsys 2019/05/09 v3.1.3 (3.1.3)

("C:\Program Files\MiKTeX 2.9\tex/generic/pgf/utilities\pgfkeys.code.tex"
\pgfkeys@pathtoks=\toks35
\pgfkeys@temptoks=\toks36

("C:\Program Files\MiKTeX 2.9\tex/generic/pgf/utilities\pgfkeysfiltered.code.te
x"
\pgfkeys@tmptoks=\toks37
))
\pgf@x=\dimen146
\pgf@y=\dimen147
\pgf@xa=\dimen148
\pgf@ya=\dimen149
\pgf@xb=\dimen150
\pgf@yb=\dimen151
\pgf@xc=\dimen152
\pgf@yc=\dimen153
\pgf@xd=\dimen154
\pgf@yd=\dimen155
\w@pgf@writea=\write3
\r@pgf@reada=\read1
\c@pgf@counta=\count127
\c@pgf@countb=\count128
\c@pgf@countc=\count129
\c@pgf@countd=\count130
\t@pgf@toka=\toks38
\t@pgf@tokb=\toks39
\t@pgf@tokc=\toks40
\pgf@sys@id@count=\count131
 ("C:\Program Files\MiKTeX 2.9\tex/generic/pgf/systemlayer\pgf.cfg"
File: pgf.cfg 2019/05/09 v3.1.3 (3.1.3)
)
Driver file for pgf: pgfsys-pdftex.def

("C:\Program Files\MiKTeX 2.9\tex/generic/pgf/systemlayer\pgfsys-pdftex.def"
File: pgfsys-pdftex.def 2019/05/09 v3.1.3 (3.1.3)

("C:\Program Files\MiKTeX 2.9\tex/generic/pgf/systemlayer\pgfsys-common-pdf.def
"
File: pgfsys-common-pdf.def 2019/05/09 v3.1.3 (3.1.3)
)))
("C:\Program Files\MiKTeX 2.9\tex/generic/pgf/systemlayer\pgfsyssoftpath.code.t
ex"
File: pgfsyssoftpath.code.tex 2019/05/09 v3.1.3 (3.1.3)
\pgfsyssoftpath@smallbuffer@items=\count132
\pgfsyssoftpath@bigbuffer@items=\count133
)
("C:\Program Files\MiKTeX 2.9\tex/generic/pgf/systemlayer\pgfsysprotocol.code.t
ex"
File: pgfsysprotocol.code.tex 2019/05/09 v3.1.3 (3.1.3)
)) ("C:\Program Files\MiKTeX 2.9\tex/generic/pgf/basiclayer\pgfcore.code.tex"
Package: pgfcore 2019/05/09 v3.1.3 (3.1.3)
 ("C:\Program Files\MiKTeX 2.9\tex/generic/pgf/math\pgfmath.code.tex"
("C:\Program Files\MiKTeX 2.9\tex/generic/pgf/math\pgfmathcalc.code.tex"
("C:\Program Files\MiKTeX 2.9\tex/generic/pgf/math\pgfmathutil.code.tex")
("C:\Program Files\MiKTeX 2.9\tex/generic/pgf/math\pgfmathparser.code.tex"
\pgfmath@dimen=\dimen156
\pgfmath@count=\count134
\pgfmath@box=\box42
\pgfmath@toks=\toks41
\pgfmath@stack@operand=\toks42
\pgfmath@stack@operation=\toks43
)
("C:\Program Files\MiKTeX 2.9\tex/generic/pgf/math\pgfmathfunctions.code.tex"
("C:\Program Files\MiKTeX 2.9\tex/generic/pgf/math\pgfmathfunctions.basic.code.
tex")
("C:\Program Files\MiKTeX 2.9\tex/generic/pgf/math\pgfmathfunctions.trigonometr
ic.code.tex")
("C:\Program Files\MiKTeX 2.9\tex/generic/pgf/math\pgfmathfunctions.random.code
.tex")
("C:\Program Files\MiKTeX 2.9\tex/generic/pgf/math\pgfmathfunctions.comparison.
code.tex")
("C:\Program Files\MiKTeX 2.9\tex/generic/pgf/math\pgfmathfunctions.base.code.t
ex")
("C:\Program Files\MiKTeX 2.9\tex/generic/pgf/math\pgfmathfunctions.round.code.
tex")
("C:\Program Files\MiKTeX 2.9\tex/generic/pgf/math\pgfmathfunctions.misc.code.t
ex")
("C:\Program Files\MiKTeX 2.9\tex/generic/pgf/math\pgfmathfunctions.integerarit
hmetics.code.tex")))
("C:\Program Files\MiKTeX 2.9\tex/generic/pgf/math\pgfmathfloat.code.tex"
\c@pgfmathroundto@lastzeros=\count135
))
("C:\Program Files\MiKTeX 2.9\tex/generic/pgf/math\pgfint.code.tex")
("C:\Program Files\MiKTeX 2.9\tex/generic/pgf/basiclayer\pgfcorepoints.code.tex
"
File: pgfcorepoints.code.tex 2019/05/09 v3.1.3 (3.1.3)
\pgf@picminx=\dimen157
\pgf@picmaxx=\dimen158
\pgf@picminy=\dimen159
\pgf@picmaxy=\dimen160
\pgf@pathminx=\dimen161
\pgf@pathmaxx=\dimen162
\pgf@pathminy=\dimen163
\pgf@pathmaxy=\dimen164
\pgf@xx=\dimen165
\pgf@xy=\dimen166
\pgf@yx=\dimen167
\pgf@yy=\dimen168
\pgf@zx=\dimen169
\pgf@zy=\dimen170
LaTeX Font Info:    Try loading font information for QX+qpl on input line 926.
 ("C:\Program Files\MiKTeX 2.9\tex/latex/tex-gyre\qxqpl.fd"
File: qxqpl.fd 2009/09/25 v1.2 font definition file for QX/qpl
))
("C:\Program Files\MiKTeX 2.9\tex/generic/pgf/basiclayer\pgfcorepathconstruct.c
ode.tex"
File: pgfcorepathconstruct.code.tex 2019/05/09 v3.1.3 (3.1.3)
\pgf@path@lastx=\dimen171
\pgf@path@lasty=\dimen172
)
("C:\Program Files\MiKTeX 2.9\tex/generic/pgf/basiclayer\pgfcorepathusage.code.
tex"
File: pgfcorepathusage.code.tex 2019/05/09 v3.1.3 (3.1.3)
\pgf@shorten@end@additional=\dimen173
\pgf@shorten@start@additional=\dimen174
)
("C:\Program Files\MiKTeX 2.9\tex/generic/pgf/basiclayer\pgfcorescopes.code.tex
"
File: pgfcorescopes.code.tex 2019/05/09 v3.1.3 (3.1.3)
\pgfpic=\box43
\pgf@hbox=\box44
\pgf@layerbox@main=\box45
\pgf@picture@serial@count=\count136
)
("C:\Program Files\MiKTeX 2.9\tex/generic/pgf/basiclayer\pgfcoregraphicstate.co
de.tex"
File: pgfcoregraphicstate.code.tex 2019/05/09 v3.1.3 (3.1.3)
\pgflinewidth=\dimen175
)
("C:\Program Files\MiKTeX 2.9\tex/generic/pgf/basiclayer\pgfcoretransformations
.code.tex"
File: pgfcoretransformations.code.tex 2019/05/09 v3.1.3 (3.1.3)
\pgf@pt@x=\dimen176
\pgf@pt@y=\dimen177
\pgf@pt@temp=\dimen178
)
("C:\Program Files\MiKTeX 2.9\tex/generic/pgf/basiclayer\pgfcorequick.code.tex"
File: pgfcorequick.code.tex 2019/05/09 v3.1.3 (3.1.3)
)
("C:\Program Files\MiKTeX 2.9\tex/generic/pgf/basiclayer\pgfcoreobjects.code.te
x"
File: pgfcoreobjects.code.tex 2019/05/09 v3.1.3 (3.1.3)
)
("C:\Program Files\MiKTeX 2.9\tex/generic/pgf/basiclayer\pgfcorepathprocessing.
code.tex"
File: pgfcorepathprocessing.code.tex 2019/05/09 v3.1.3 (3.1.3)
)
("C:\Program Files\MiKTeX 2.9\tex/generic/pgf/basiclayer\pgfcorearrows.code.tex
"
File: pgfcorearrows.code.tex 2019/05/09 v3.1.3 (3.1.3)
\pgfarrowsep=\dimen179
)
("C:\Program Files\MiKTeX 2.9\tex/generic/pgf/basiclayer\pgfcoreshade.code.tex"
File: pgfcoreshade.code.tex 2019/05/09 v3.1.3 (3.1.3)
\pgf@max=\dimen180
\pgf@sys@shading@range@num=\count137
\pgf@shadingcount=\count138
) ("C:\Program Files\MiKTeX 2.9\tex/generic/pgf/basiclayer\pgfcoreimage.code.te
x"
File: pgfcoreimage.code.tex 2019/05/09 v3.1.3 (3.1.3)

("C:\Program Files\MiKTeX 2.9\tex/generic/pgf/basiclayer\pgfcoreexternal.code.t
ex"
File: pgfcoreexternal.code.tex 2019/05/09 v3.1.3 (3.1.3)
\pgfexternal@startupbox=\box46
))
("C:\Program Files\MiKTeX 2.9\tex/generic/pgf/basiclayer\pgfcorelayers.code.tex
"
File: pgfcorelayers.code.tex 2019/05/09 v3.1.3 (3.1.3)
)
("C:\Program Files\MiKTeX 2.9\tex/generic/pgf/basiclayer\pgfcoretransparency.co
de.tex"
File: pgfcoretransparency.code.tex 2019/05/09 v3.1.3 (3.1.3)
)
("C:\Program Files\MiKTeX 2.9\tex/generic/pgf/basiclayer\pgfcorepatterns.code.t
ex"
File: pgfcorepatterns.code.tex 2019/05/09 v3.1.3 (3.1.3)
)
("C:\Program Files\MiKTeX 2.9\tex/generic/pgf/basiclayer\pgfcorerdf.code.tex"
File: pgfcorerdf.code.tex 2019/05/09 v3.1.3 (3.1.3)
))) ("C:\Program Files\MiKTeX 2.9\tex/generic/pgf/modules\pgfmoduleshapes.code.
tex"
File: pgfmoduleshapes.code.tex 2019/05/09 v3.1.3 (3.1.3)
\pgfnodeparttextbox=\box47
) ("C:\Program Files\MiKTeX 2.9\tex/generic/pgf/modules\pgfmoduleplot.code.tex"
File: pgfmoduleplot.code.tex 2019/05/09 v3.1.3 (3.1.3)
)
("C:\Program Files\MiKTeX 2.9\tex/latex/pgf/compatibility\pgfcomp-version-0-65.
sty"
Package: pgfcomp-version-0-65 2019/05/09 v3.1.3 (3.1.3)
\pgf@nodesepstart=\dimen181
\pgf@nodesepend=\dimen182
)
("C:\Program Files\MiKTeX 2.9\tex/latex/pgf/compatibility\pgfcomp-version-1-18.
sty"
Package: pgfcomp-version-1-18 2019/05/09 v3.1.3 (3.1.3)
)) ("C:\Program Files\MiKTeX 2.9\tex/latex/pgf/utilities\pgffor.sty"
("C:\Program Files\MiKTeX 2.9\tex/latex/pgf/utilities\pgfkeys.sty"
("C:\Program Files\MiKTeX 2.9\tex/generic/pgf/utilities\pgfkeys.code.tex"))
("C:\Program Files\MiKTeX 2.9\tex/latex/pgf/math\pgfmath.sty"
("C:\Program Files\MiKTeX 2.9\tex/generic/pgf/math\pgfmath.code.tex"))
("C:\Program Files\MiKTeX 2.9\tex/generic/pgf/utilities\pgffor.code.tex"
Package: pgffor 2019/05/09 v3.1.3 (3.1.3)

("C:\Program Files\MiKTeX 2.9\tex/generic/pgf/math\pgfmath.code.tex")
\pgffor@iter=\dimen183
\pgffor@skip=\dimen184
\pgffor@stack=\toks44
\pgffor@toks=\toks45
))
("C:\Program Files\MiKTeX 2.9\tex/generic/pgf/frontendlayer/tikz\tikz.code.tex"
Package: tikz 2019/05/09 v3.1.3 (3.1.3)

("C:\Program Files\MiKTeX 2.9\tex/generic/pgf/libraries\pgflibraryplothandlers.
code.tex"
File: pgflibraryplothandlers.code.tex 2019/05/09 v3.1.3 (3.1.3)
\pgf@plot@mark@count=\count139
\pgfplotmarksize=\dimen185
)
\tikz@lastx=\dimen186
\tikz@lasty=\dimen187
\tikz@lastxsaved=\dimen188
\tikz@lastysaved=\dimen189
\tikzleveldistance=\dimen190
\tikzsiblingdistance=\dimen191
\tikz@figbox=\box48
\tikz@figbox@bg=\box49
\tikz@tempbox=\box50
\tikz@tempbox@bg=\box51
\tikztreelevel=\count140
\tikznumberofchildren=\count141
\tikznumberofcurrentchild=\count142
\tikz@fig@count=\count143

("C:\Program Files\MiKTeX 2.9\tex/generic/pgf/modules\pgfmodulematrix.code.tex"
File: pgfmodulematrix.code.tex 2019/05/09 v3.1.3 (3.1.3)
\pgfmatrixcurrentrow=\count144
\pgfmatrixcurrentcolumn=\count145
\pgf@matrix@numberofcolumns=\count146
)
\tikz@expandcount=\count147

("C:\Program Files\MiKTeX 2.9\tex/generic/pgf/frontendlayer/tikz/libraries\tikz
librarytopaths.code.tex"
File: tikzlibrarytopaths.code.tex 2019/05/09 v3.1.3 (3.1.3)
)))
("C:\Program Files\MiKTeX 2.9\tex/generic/pgf/frontendlayer/tikz/libraries\tikz
librarypositioning.code.tex"
File: tikzlibrarypositioning.code.tex 2019/05/09 v3.1.3 (3.1.3)
)
("C:\Program Files\MiKTeX 2.9\tex/generic/pgf/frontendlayer/tikz/libraries\tikz
libraryarrows.code.tex"
File: tikzlibraryarrows.code.tex 2019/05/09 v3.1.3 (3.1.3)

("C:\Program Files\MiKTeX 2.9\tex/generic/pgf/libraries\pgflibraryarrows.code.t
ex"
File: pgflibraryarrows.code.tex 2019/05/09 v3.1.3 (3.1.3)
\arrowsize=\dimen192
))
("C:\Program Files\MiKTeX 2.9\tex/generic/pgf/libraries\pgflibraryarrows.meta.c
ode.tex"
File: pgflibraryarrows.meta.code.tex 2019/05/09 v3.1.3 (3.1.3)
\pgfarrowinset=\dimen193
\pgfarrowlength=\dimen194
\pgfarrowwidth=\dimen195
\pgfarrowlinewidth=\dimen196
)
("C:\Program Files\MiKTeX 2.9\tex/generic/pgf/frontendlayer/tikz/libraries\tikz
librarychains.code.tex"
File: tikzlibrarychains.code.tex 2019/05/09 v3.1.3 (3.1.3)
)
("C:\Program Files\MiKTeX 2.9\tex/generic/pgf/frontendlayer/tikz/libraries\tikz
libraryfit.code.tex"
File: tikzlibraryfit.code.tex 2019/05/09 v3.1.3 (3.1.3)
)
("C:\Program Files\MiKTeX 2.9\tex/generic/pgf/frontendlayer/tikz/libraries\tikz
libraryshapes.code.tex"
File: tikzlibraryshapes.code.tex 2019/05/09 v3.1.3 (3.1.3)

("C:\Program Files\MiKTeX 2.9\tex/generic/pgf/frontendlayer/tikz/libraries\tikz
libraryshapes.geometric.code.tex"
File: tikzlibraryshapes.geometric.code.tex 2019/05/09 v3.1.3 (3.1.3)

("C:\Program Files\MiKTeX 2.9\tex/generic/pgf/libraries/shapes\pgflibraryshapes
.geometric.code.tex"
File: pgflibraryshapes.geometric.code.tex 2019/05/09 v3.1.3 (3.1.3)
))
("C:\Program Files\MiKTeX 2.9\tex/generic/pgf/frontendlayer/tikz/libraries\tikz
libraryshapes.misc.code.tex"
File: tikzlibraryshapes.misc.code.tex 2019/05/09 v3.1.3 (3.1.3)

("C:\Program Files\MiKTeX 2.9\tex/generic/pgf/libraries/shapes\pgflibraryshapes
.misc.code.tex"
File: pgflibraryshapes.misc.code.tex 2019/05/09 v3.1.3 (3.1.3)
))
("C:\Program Files\MiKTeX 2.9\tex/generic/pgf/frontendlayer/tikz/libraries\tikz
libraryshapes.symbols.code.tex"
File: tikzlibraryshapes.symbols.code.tex 2019/05/09 v3.1.3 (3.1.3)

("C:\Program Files\MiKTeX 2.9\tex/generic/pgf/libraries/shapes\pgflibraryshapes
.symbols.code.tex"
File: pgflibraryshapes.symbols.code.tex 2019/05/09 v3.1.3 (3.1.3)
))
("C:\Program Files\MiKTeX 2.9\tex/generic/pgf/frontendlayer/tikz/libraries\tikz
libraryshapes.arrows.code.tex"
File: tikzlibraryshapes.arrows.code.tex 2019/05/09 v3.1.3 (3.1.3)

("C:\Program Files\MiKTeX 2.9\tex/generic/pgf/libraries/shapes\pgflibraryshapes
.arrows.code.tex"
File: pgflibraryshapes.arrows.code.tex 2019/05/09 v3.1.3 (3.1.3)
))
("C:\Program Files\MiKTeX 2.9\tex/generic/pgf/frontendlayer/tikz/libraries\tikz
libraryshapes.callouts.code.tex"
("C:\Program Files\MiKTeX 2.9\tex/generic/pgf/libraries/shapes\pgflibraryshapes
.callouts.code.tex"))
("C:\Program Files\MiKTeX 2.9\tex/generic/pgf/frontendlayer/tikz/libraries\tikz
libraryshapes.multipart.code.tex"
File: tikzlibraryshapes.multipart.code.tex 2019/05/09 v3.1.3 (3.1.3)

("C:\Program Files\MiKTeX 2.9\tex/generic/pgf/libraries/shapes\pgflibraryshapes
.multipart.code.tex"
File: pgflibraryshapes.multipart.code.tex 2019/05/09 v3.1.3 (3.1.3)
\pgfnodepartlowerbox=\box52
\pgfnodeparttwobox=\box53
\pgfnodepartthreebox=\box54
\pgfnodepartfourbox=\box55
\pgfnodeparttwentybox=\box56
\pgfnodepartnineteenbox=\box57
\pgfnodeparteighteenbox=\box58
\pgfnodepartseventeenbox=\box59
\pgfnodepartsixteenbox=\box60
\pgfnodepartfifteenbox=\box61
\pgfnodepartfourteenbox=\box62
\pgfnodepartthirteenbox=\box63
\pgfnodeparttwelvebox=\box64
\pgfnodepartelevenbox=\box65
\pgfnodeparttenbox=\box66
\pgfnodepartninebox=\box67
\pgfnodeparteightbox=\box68
\pgfnodepartsevenbox=\box69
\pgfnodepartsixbox=\box70
\pgfnodepartfivebox=\box71
)))
("C:\Program Files\MiKTeX 2.9\tex/generic/pgf/frontendlayer/tikz/libraries\tikz
librarycalc.code.tex"
File: tikzlibrarycalc.code.tex 2019/05/09 v3.1.3 (3.1.3)
) (programming_python.tex
("C:\Program Files\MiKTeX 2.9\tex/latex/listings\listings.sty"
\lst@mode=\count148
\lst@gtempboxa=\box72
\lst@token=\toks46
\lst@length=\count149
\lst@currlwidth=\dimen197
\lst@column=\count150
\lst@pos=\count151
\lst@lostspace=\dimen198
\lst@width=\dimen199
\lst@newlines=\count152
\lst@lineno=\count153
\lst@maxwidth=\dimen256

("C:\Program Files\MiKTeX 2.9\tex/latex/listings\lstmisc.sty"
File: lstmisc.sty 2019/02/27 1.8b (Carsten Heinz)
\c@lstnumber=\count154
\lst@skipnumbers=\count155
\lst@framebox=\box73
)
("C:\Program Files\MiKTeX 2.9\tex/latex/listings\listings.cfg"
File: listings.cfg 2019/02/27 1.8b listings configuration
))
Package: listings 2019/02/27 1.8b (Carsten Heinz)

("C:\Program Files\MiKTeX 2.9\tex/latex/oberdiek\listingsutf8.sty"
Package: listingsutf8 2016/05/16 v1.3 Allow UTF-8 in listings input (HO)

("C:\Program Files\MiKTeX 2.9\tex/generic/oberdiek\stringenc.sty"
Package: stringenc 2016/05/16 v1.11 Convert strings between diff. encodings (HO
)
))
("C:\Program Files\MiKTeX 2.9\tex/latex/listings\lstlang1.sty"
File: lstlang1.sty 2019/02/27 1.8b listings language file
))
\c@tw=\count156
\c@ex=\count157
\c@de=\count158

(Jakub_Wasik.aux)
\openout1 = `Jakub_Wasik.aux'.

LaTeX Font Info:    Checking defaults for OML/cmm/m/it on input line 86.
LaTeX Font Info:    ... okay on input line 86.
LaTeX Font Info:    Checking defaults for T1/cmr/m/n on input line 86.
LaTeX Font Info:    ... okay on input line 86.
LaTeX Font Info:    Checking defaults for OT1/cmr/m/n on input line 86.
LaTeX Font Info:    ... okay on input line 86.
LaTeX Font Info:    Checking defaults for OMS/cmsy/m/n on input line 86.
LaTeX Font Info:    ... okay on input line 86.
LaTeX Font Info:    Checking defaults for OMX/cmex/m/n on input line 86.
LaTeX Font Info:    ... okay on input line 86.
LaTeX Font Info:    Checking defaults for U/cmr/m/n on input line 86.
LaTeX Font Info:    ... okay on input line 86.
LaTeX Font Info:    Checking defaults for QX/qtm/m/n on input line 86.
LaTeX Font Info:    Try loading font information for QX+qtm on input line 86.
 ("C:\Program Files\MiKTeX 2.9\tex/latex/tex-gyre\qxqtm.fd"
File: qxqtm.fd 2009/09/25 v1.2 font definition file for QX/qtm
)
LaTeX Font Info:    ... okay on input line 86.
LaTeX Font Info:    Checking defaults for PD1/pdf/m/n on input line 86.
LaTeX Font Info:    ... okay on input line 86.
LaTeX Font Info:    Try loading font information for QX+lmr on input line 86.

("C:\Program Files\MiKTeX 2.9\tex/latex/lm\qxlmr.fd"
File: qxlmr.fd 2009/10/30 v1.6 Font defs for Latin Modern
)
("C:\Program Files\MiKTeX 2.9\tex/context/base/mkii\supp-pdf.mkii"
[Loading MPS to PDF converter (version 2006.09.02).]
\scratchcounter=\count159
\scratchdimen=\dimen257
\scratchbox=\box74
\nofMPsegments=\count160
\nofMParguments=\count161
\everyMPshowfont=\toks47
\MPscratchCnt=\count162
\MPscratchDim=\dimen258
\MPnumerator=\count163
\makeMPintoPDFobject=\count164
\everyMPtoPDFconversion=\toks48
) ("C:\Program Files\MiKTeX 2.9\tex/latex/oberdiek\epstopdf-base.sty"
Package: epstopdf-base 2016/05/15 v2.6 Base part for package epstopdf

("C:\Program Files\MiKTeX 2.9\tex/latex/oberdiek\grfext.sty"
Package: grfext 2016/05/16 v1.2 Manage graphics extensions (HO)
)
Package epstopdf-base Info: Redefining graphics rule for `.eps' on input line 4
38.
Package grfext Info: Graphics extension search list:
(grfext)             [.pdf,.png,.jpg,.mps,.jpeg,.jbig2,.jb2,.PDF,.PNG,.JPG,.JPE
G,.JBIG2,.JB2,.eps]
(grfext)             \AppendGraphicsExtensions on input line 456.
)
Package caption Info: Begin \AtBeginDocument code.
Package caption Info: float package is loaded.
Package caption Info: hyperref package is loaded.
Package caption Info: listings package is loaded.
Package caption Info: End \AtBeginDocument code.
\AtBeginShipoutBox=\box75
Package hyperref Info: Link coloring ON on input line 86.

("C:\Program Files\MiKTeX 2.9\tex/latex/hyperref\nameref.sty"
Package: nameref 2016/05/21 v2.44 Cross-referencing by name of section

("C:\Program Files\MiKTeX 2.9\tex/generic/oberdiek\gettitlestring.sty"
Package: gettitlestring 2016/05/16 v1.5 Cleanup title references (HO)
)
\c@section@level=\count165
)
LaTeX Info: Redefining \ref on input line 86.
LaTeX Info: Redefining \pageref on input line 86.
LaTeX Info: Redefining \nameref on input line 86.

(Jakub_Wasik.out) (Jakub_Wasik.out)
\@outlinefile=\write4
\openout4 = `Jakub_Wasik.out'.

 ABD: EveryShipout initializing macros
\c@lstlisting=\count166
LaTeX Font Info:    Try loading font information for OT1+lmr on input line 103.


("C:\Program Files\MiKTeX 2.9\tex/latex/lm\ot1lmr.fd"
File: ot1lmr.fd 2009/10/30 v1.6 Font defs for Latin Modern
)
LaTeX Font Info:    Try loading font information for OML+lmm on input line 103.


("C:\Program Files\MiKTeX 2.9\tex/latex/lm\omllmm.fd"
File: omllmm.fd 2009/10/30 v1.6 Font defs for Latin Modern
)
LaTeX Font Info:    Try loading font information for OMS+lmsy on input line 103
.

("C:\Program Files\MiKTeX 2.9\tex/latex/lm\omslmsy.fd"
File: omslmsy.fd 2009/10/30 v1.6 Font defs for Latin Modern
)
LaTeX Font Info:    Try loading font information for OMX+lmex on input line 103
.

("C:\Program Files\MiKTeX 2.9\tex/latex/lm\omxlmex.fd"
File: omxlmex.fd 2009/10/30 v1.6 Font defs for Latin Modern
)
LaTeX Font Info:    External font `lmex10' loaded for size
(Font)              <14.4> on input line 103.
LaTeX Font Info:    External font `lmex10' loaded for size
(Font)              <10> on input line 103.
LaTeX Font Info:    External font `lmex10' loaded for size
(Font)              <7> on input line 103.
LaTeX Font Info:    Try loading font information for U+lasy on input line 103.

("C:\Program Files\MiKTeX 2.9\tex/latex/base\ulasy.fd"
File: ulasy.fd 1998/08/17 v2.2e LaTeX symbol font definitions
)
LaTeX Font Info:    Try loading font information for U+msa on input line 103.

("C:\Program Files\MiKTeX 2.9\tex/latex/amsfonts\umsa.fd"
File: umsa.fd 2013/01/14 v3.01 AMS symbols A
)
LaTeX Font Info:    Try loading font information for U+msb on input line 103.

("C:\Program Files\MiKTeX 2.9\tex/latex/amsfonts\umsb.fd"
File: umsb.fd 2013/01/14 v3.01 AMS symbols B
) [1


{C:/Users/Win10/AppData/Local/MiKTeX/2.9/pdftex/config/pdftex.map}] [2

] (Jakub_Wasik.toc
LaTeX Font Info:    External font `lmex10' loaded for size
(Font)              <12> on input line 3.
LaTeX Font Info:    External font `lmex10' loaded for size
(Font)              <8> on input line 3.
LaTeX Font Info:    External font `lmex10' loaded for size
(Font)              <6> on input line 3.
 [3])
\tf@toc=\write5
\openout5 = `Jakub_Wasik.toc'.


[4] [5

] [6

]
Rozdzia\PlPrIeC {\l } 1.
LaTeX Font Info:    External font `lmex10' loaded for size
(Font)              <5> on input line 144.
<images/bridges.pdf, id=196, 303.1325pt x 238.8925pt>
File: images/bridges.pdf Graphic file (type pdf)
<use images/bridges.pdf>
Package pdftex.def Info: images/bridges.pdf  used on input line 150.
(pdftex.def)             Requested size: 213.39566pt x 168.175pt.

Underfull \vbox (badness 10000) has occurred while \output is active []

 [7]
LaTeX Font Info:    External font `lmex10' loaded for size
(Font)              <10.95> on input line 178.

[8 <./images/bridges.pdf>]
LaTeX Font Info:    Try loading font information for U+BOONDOX-calo on input li
ne 243.

("C:\Program Files\MiKTeX 2.9\tex/latex/boondox\uboondox-calo.fd"
File: uboondox-calo.fd 2011/04/26 Fontinst v1.933 font definitions for U/BOONDO
X-calo.
)
LaTeX Font Info:    Font shape `U/BOONDOX-calo/m/n' will be
(Font)              scaled to size 12.0pt on input line 243.
LaTeX Font Info:    Font shape `U/BOONDOX-calo/m/n' will be
(Font)              scaled to size 8.0pt on input line 243.
LaTeX Font Info:    Font shape `U/BOONDOX-calo/m/n' will be
(Font)              scaled to size 6.0pt on input line 243.
 [9]
LaTeX Font Info:    Font shape `U/BOONDOX-calo/m/n' will be
(Font)              scaled to size 10.0pt on input line 259.
LaTeX Font Info:    Font shape `U/BOONDOX-calo/m/n' will be
(Font)              scaled to size 7.0pt on input line 259.
LaTeX Font Info:    Font shape `U/BOONDOX-calo/m/n' will be
(Font)              scaled to size 5.0pt on input line 259.
 [10]
[11]
LaTeX Font Info:    Font shape `U/BOONDOX-calo/m/n' will be
(Font)              scaled to size 10.95pt on input line 365.
 [12] [13]
Underfull \vbox (badness 10000) has occurred while \output is active []

 [14]
Package hyperref Info: bookmark level for unknown lstlisting defaults to 0 on i
nput line 524.
LaTeX Font Info:    Try loading font information for QX+lmtt on input line 524.


("C:\Program Files\MiKTeX 2.9\tex/latex/lm\qxlmtt.fd"
File: qxlmtt.fd 2009/10/30 v1.6 Font defs for Latin Modern
)
("C:\Program Files\MiKTeX 2.9\tex/latex/base\cp1250.def"
File: cp1250.def 2018/08/11 v1.3c Input encoding file
)
("C:\Program Files\MiKTeX 2.9\tex/generic/oberdiek\se-utf8.def"
File: se-utf8.def 2016/05/16 v1.11 stringenc: UTF-8
)
("C:\Program Files\MiKTeX 2.9\tex/generic/oberdiek\se-cp1250.def"
File: se-cp1250.def 2016/05/16 v1.11 stringenc: cp1250
)
("C:\Program Files\MiKTeX 2.9\tex/latex/base\cp1250.def"
File: cp1250.def 2018/08/11 v1.3c Input encoding file
)
LaTeX Font Info:    Font shape `U/lasy/b/n' in size <8> not available
(Font)              Font shape `U/lasy/m/n' tried instead on input line 529.
LaTeX Font Info:    Font shape `U/lasy/b/n' in size <6> not available
(Font)              Font shape `U/lasy/m/n' tried instead on input line 529.
 [15]
("C:\Program Files\MiKTeX 2.9\tex/latex/base\cp1250.def"
File: cp1250.def 2018/08/11 v1.3c Input encoding file
) [16] [17] [18]
Rozdzia\PlPrIeC {\l } 2.
[19

]
Missing character: There is no æ in font qx-lmtt12!
Missing character: There is no æ in font qx-lmtt12!
Missing character: There is no æ in font qx-lmtt8!
Missing character: There is no æ in font qx-lmtt8!
 [20] [21] [22] [23]
Underfull \vbox (badness 10000) has occurred while \output is active []

 [24]
[25] [26] [27] [28] [29]
Underfull \vbox (badness 10000) has occurred while \output is active []

 [30]
[31]pdfTeX warning (ext4): destination with the same identifier (name{equation.
2.4}) has been already used, duplicate ignored
<to be read again> 
                   \relax 
l.1385 \begin{eqal}
                   pdfTeX warning (ext4): destination with the same identifier 
(name{equation.2.4}) has been already used, duplicate ignored
<to be read again> 
                   \relax 
l.1385 \begin{eqal}
                   pdfTeX warning (ext4): destination with the same identifier 
(name{equation.2.4}) has been already used, duplicate ignored
<to be read again> 
                   \relax 
l.1385 \begin{eqal}
                   pdfTeX warning (ext4): destination with the same identifier 
(name{equation.2.4}) has been already used, duplicate ignored
<to be read again> 
                   \relax 
l.1385 \begin{eqal}
                    [32]pdfTeX warning (ext4): destination with the same identi
fier (name{equation.2.4}) has been already used, duplicate ignored
<to be read again> 
                   \relax 
l.1422 \begin{equation}
                       pdfTeX warning (ext4): destination with the same identif
ier (name{equation.2.4}) has been already used, duplicate ignored
<to be read again> 
                   \relax 
l.1422 \begin{equation}
                       pdfTeX warning (ext4): destination with the same identif
ier (name{equation.2.4}) has been already used, duplicate ignored
<to be read again> 
                   \relax 
l.1422 \begin{equation}
                       pdfTeX warning (ext4): destination with the same identif
ier (name{equation.2.4}) has been already used, duplicate ignored
<to be read again> 
                   \relax 
l.1422 \begin{equation}
                        [33]
Underfull \vbox (badness 10000) has occurred while \output is active []

 [34]
Underfull \vbox (badness 10000) has occurred while \output is active []

 [35]
[36] [37]
Underfull \vbox (badness 10000) has occurred while \output is active []

 [38]
Underfull \vbox (badness 10000) has occurred while \output is active []

 [39]
Missing character: There is no e in font nullfont!
Missing character: There is no v in font nullfont!
Missing character: There is no e in font nullfont!
Missing character: There is no r in font nullfont!
Missing character: There is no y in font nullfont!
Missing character: There is no e in font nullfont!
Missing character: There is no d in font nullfont!
Missing character: There is no g in font nullfont!
Missing character: There is no e in font nullfont!
Missing character: There is no / in font nullfont!
Missing character: There is no . in font nullfont!
Missing character: There is no s in font nullfont!
Missing character: There is no t in font nullfont!
Missing character: There is no y in font nullfont!
Missing character: There is no l in font nullfont!
Missing character: There is no e in font nullfont!
Missing character: There is no = in font nullfont!
Missing character: There is no d in font nullfont!
Missing character: There is no r in font nullfont!
Missing character: There is no a in font nullfont!
Missing character: There is no w in font nullfont!
Missing character: There is no = in font nullfont!
Missing character: There is no b in font nullfont!
Missing character: There is no l in font nullfont!
Missing character: There is no a in font nullfont!
Missing character: There is no c in font nullfont!
Missing character: There is no k in font nullfont!
Missing character: There is no , in font nullfont!
Missing character: There is no v in font nullfont!
Missing character: There is no e in font nullfont!
Missing character: There is no r in font nullfont!
Missing character: There is no y in font nullfont!
Missing character: There is no t in font nullfont!
Missing character: There is no h in font nullfont!
Missing character: There is no i in font nullfont!
Missing character: There is no c in font nullfont!
Missing character: There is no k in font nullfont!
Missing character: There is no , in font nullfont!
Missing character: There is no a in font nullfont!
Missing character: There is no u in font nullfont!
Missing character: There is no t in font nullfont!
Missing character: There is no o in font nullfont!
Missing character: There is no ] in font nullfont!

[40] [41] [42]
Rozdzia\PlPrIeC {\l } 3.
[43

] ("C:\Program Files\MiKTeX 2.9\tex/latex/base\cp1250.def"
File: cp1250.def 2018/08/11 v1.3c Input encoding file
) [44]
("C:\Program Files\MiKTeX 2.9\tex/latex/base\cp1250.def"
File: cp1250.def 2018/08/11 v1.3c Input encoding file
) [45] [46]
("C:\Program Files\MiKTeX 2.9\tex/latex/base\cp1250.def"
File: cp1250.def 2018/08/11 v1.3c Input encoding file
)
Underfull \vbox (badness 10000) has occurred while \output is active []

 [47]
<images/dijkstra_example.pdf, id=783, 752.8125pt x 203.25937pt>
File: images/dijkstra_example.pdf Graphic file (type pdf)
<use images/dijkstra_example.pdf>
Package pdftex.def Info: images/dijkstra_example.pdf  used on input line 2081.
(pdftex.def)             Requested size: 384.10959pt x 103.71362pt.

("C:\Program Files\MiKTeX 2.9\tex/latex/base\cp1250.def"
File: cp1250.def 2018/08/11 v1.3c Input encoding file
) [48 <./images/dijkstra_example.pdf>] ("C:\Program Files\MiKTeX 2.9\tex/latex/
base\cp1250.def"
File: cp1250.def 2018/08/11 v1.3c Input encoding file
)
("C:\Program Files\MiKTeX 2.9\tex/latex/base\cp1250.def"
File: cp1250.def 2018/08/11 v1.3c Input encoding file
) [49]
<images/bellman_ford_example.pdf, id=853, 752.71815pt x 180.65291pt>
File: images/bellman_ford_example.pdf Graphic file (type pdf)
<use images/bellman_ford_example.pdf>
Package pdftex.def Info: images/bellman_ford_example.pdf  used on input line 21
10.
(pdftex.def)             Requested size: 384.10959pt x 92.18965pt.

("C:\Program Files\MiKTeX 2.9\tex/latex/base\cp1250.def"
File: cp1250.def 2018/08/11 v1.3c Input encoding file
) [50 <./images/bellman_ford_example.pdf>] ("C:\Program Files\MiKTeX 2.9\tex/la
tex/base\cp1250.def"
File: cp1250.def 2018/08/11 v1.3c Input encoding file
)
[51]
<images/matrix_multiply_example.pdf, id=923, 752.71815pt x 167.1033pt>
File: images/matrix_multiply_example.pdf Graphic file (type pdf)
<use images/matrix_multiply_example.pdf>
Package pdftex.def Info: images/matrix_multiply_example.pdf  used on input line
 2135.
(pdftex.def)             Requested size: 384.10959pt x 85.27509pt.
 ("C:\Program Files\MiKTeX 2.9\tex/latex/base\cp1250.def"
File: cp1250.def 2018/08/11 v1.3c Input encoding file
) [52 <./images/matrix_multiply_example.pdf>]
("C:\Program Files\MiKTeX 2.9\tex/latex/base\cp1250.def"
File: cp1250.def 2018/08/11 v1.3c Input encoding file
)
<images/floyd_warshall_example.pdf, id=964, 752.71815pt x 572.06625pt>
File: images/floyd_warshall_example.pdf Graphic file (type pdf)
<use images/floyd_warshall_example.pdf>
Package pdftex.def Info: images/floyd_warshall_example.pdf  used on input line 
2158.
(pdftex.def)             Requested size: 384.10959pt x 291.93323pt.

Underfull \vbox (badness 4132) has occurred while \output is active []

 [53]
("C:\Program Files\MiKTeX 2.9\tex/latex/base\cp1250.def"
File: cp1250.def 2018/08/11 v1.3c Input encoding file
) [54 <./images/floyd_warshall_example.pdf>] ("C:\Program Files\MiKTeX 2.9\tex/
latex/base\cp1250.def"
File: cp1250.def 2018/08/11 v1.3c Input encoding file
) [55]
<images/johnson_example.pdf, id=1058, 752.71815pt x 572.06625pt>
File: images/johnson_example.pdf Graphic file (type pdf)
<use images/johnson_example.pdf>
Package pdftex.def Info: images/johnson_example.pdf  used on input line 2179.
(pdftex.def)             Requested size: 384.10959pt x 291.93323pt.
 [56 <./images/johnson_example.pdf>]
Rozdzia\PlPrIeC {\l } 4.
[57

] [58]
<images/Wykres_Dijkstra_gestosci.pdf, id=1108, 462.52798pt x 346.89601pt>
File: images/Wykres_Dijkstra_gestosci.pdf Graphic file (type pdf)
<use images/Wykres_Dijkstra_gestosci.pdf>
Package pdftex.def Info: images/Wykres_Dijkstra_gestosci.pdf  used on input lin
e 2207.
(pdftex.def)             Requested size: 384.10959pt x 288.09828pt.
<images/Wykres_Dijkstra_naiwny_kolejka.pdf, id=1109, 462.52798pt x 346.89601pt>

File: images/Wykres_Dijkstra_naiwny_kolejka.pdf Graphic file (type pdf)
<use images/Wykres_Dijkstra_naiwny_kolejka.pdf>
Package pdftex.def Info: images/Wykres_Dijkstra_naiwny_kolejka.pdf  used on inp
ut line 2214.
(pdftex.def)             Requested size: 384.10959pt x 288.09828pt.
 [59 <./images/Wykres_Dijkstra_gestosci.pdf>] [60 <./images/Wykres_Dijkstra_nai
wny_kolejka.pdf>]
<images/Wykres_Bellman_Ford_gestosci.pdf, id=1197, 462.52798pt x 346.89601pt>
File: images/Wykres_Bellman_Ford_gestosci.pdf Graphic file (type pdf)
<use images/Wykres_Bellman_Ford_gestosci.pdf>
Package pdftex.def Info: images/Wykres_Bellman_Ford_gestosci.pdf  used on input
 line 2228.
(pdftex.def)             Requested size: 384.10959pt x 288.09828pt.
 [61 <./images/Wykres_Bellman_Ford_gestosci.pdf>]
<images/Wykres_Macierze_gestosci.pdf, id=1240, 462.52798pt x 346.89601pt>
File: images/Wykres_Macierze_gestosci.pdf Graphic file (type pdf)
<use images/Wykres_Macierze_gestosci.pdf>
Package pdftex.def Info: images/Wykres_Macierze_gestosci.pdf  used on input lin
e 2247.
(pdftex.def)             Requested size: 320.09349pt x 240.08366pt.

[62 <./images/Wykres_Macierze_gestosci.pdf>]
<images/Wykres_Floyd_Warshall_gestosci.pdf, id=1283, 462.52798pt x 346.89601pt>

File: images/Wykres_Floyd_Warshall_gestosci.pdf Graphic file (type pdf)
<use images/Wykres_Floyd_Warshall_gestosci.pdf>
Package pdftex.def Info: images/Wykres_Floyd_Warshall_gestosci.pdf  used on inp
ut line 2262.
(pdftex.def)             Requested size: 320.09349pt x 240.08366pt.
 [63 <./images/Wykres_Floyd_Warshall_gestosci.pdf>]
<images/Wykres_Johnson_gestosci.pdf, id=1328, 462.52798pt x 346.89601pt>
File: images/Wykres_Johnson_gestosci.pdf Graphic file (type pdf)
<use images/Wykres_Johnson_gestosci.pdf>
Package pdftex.def Info: images/Wykres_Johnson_gestosci.pdf  used on input line
 2277.
(pdftex.def)             Requested size: 320.09349pt x 240.08366pt.
 [64 <./images/Wykres_Johnson_gestosci.pdf>]
<images/Wykres_stale_wierzcholki_Dijkstra_Bellman_Ford.pdf, id=1373, 462.52798p
t x 346.89601pt>
File: images/Wykres_stale_wierzcholki_Dijkstra_Bellman_Ford.pdf Graphic file (t
ype pdf)
<use images/Wykres_stale_wierzcholki_Dijkstra_Bellman_Ford.pdf>
Package pdftex.def Info: images/Wykres_stale_wierzcholki_Dijkstra_Bellman_Ford.
pdf  used on input line 2297.
(pdftex.def)             Requested size: 320.09349pt x 240.08366pt.
<images/Wykres_stale_wierzcholki_Matrix_Floyd_Warshall_Johnson.pdf, id=1374, 46
2.52798pt x 346.89601pt>
File: images/Wykres_stale_wierzcholki_Matrix_Floyd_Warshall_Johnson.pdf Graphic
 file (type pdf)
<use images/Wykres_stale_wierzcholki_Matrix_Floyd_Warshall_Johnson.pdf>
Package pdftex.def Info: images/Wykres_stale_wierzcholki_Matrix_Floyd_Warshall_
Johnson.pdf  used on input line 2304.
(pdftex.def)             Requested size: 320.09349pt x 240.08366pt.
 [65 <./images/Wykres_stale_wierzcholki_Dijkstra_Bellman_Ford.pdf>]
<images/Wykres_stale_krawedzie_Dijkstra_Bellman_Ford.pdf, id=1414, 462.52798pt 
x 346.89601pt>
File: images/Wykres_stale_krawedzie_Dijkstra_Bellman_Ford.pdf Graphic file (typ
e pdf)
<use images/Wykres_stale_krawedzie_Dijkstra_Bellman_Ford.pdf>
Package pdftex.def Info: images/Wykres_stale_krawedzie_Dijkstra_Bellman_Ford.pd
f  used on input line 2321.
(pdftex.def)             Requested size: 320.09349pt x 240.08366pt.
 [66 <./images/Wykres_stale_wierzcholki_Matrix_Floyd_Warshall_Johnson.pdf>]
<images/Wykres_stale_krawedzie_Matrix_Floyd_Warshall_Johnson.pdf, id=1453, 462.
52798pt x 346.89601pt>
File: images/Wykres_stale_krawedzie_Matrix_Floyd_Warshall_Johnson.pdf Graphic f
ile (type pdf)
<use images/Wykres_stale_krawedzie_Matrix_Floyd_Warshall_Johnson.pdf>
Package pdftex.def Info: images/Wykres_stale_krawedzie_Matrix_Floyd_Warshall_Jo
hnson.pdf  used on input line 2328.
(pdftex.def)             Requested size: 320.09349pt x 240.08366pt.
 [67 <./images/Wykres_stale_krawedzie_Dijkstra_Bellman_Ford.pdf> <./images/Wykr
es_stale_krawedzie_Matrix_Floyd_Warshall_Johnson.pdf

pdfTeX warning: pdflatex (file ./images/Wykres_stale_krawedzie_Matrix_Floyd_War
shall_Johnson.pdf): PDF inclusion: multiple pdfs with page group included in a 
single page
>]
<images/Wykres_stale_krawedzie_Floyd_Warshall_Johnson.pdf, id=1533, 462.52798pt
 x 346.89601pt>
File: images/Wykres_stale_krawedzie_Floyd_Warshall_Johnson.pdf Graphic file (ty
pe pdf)
<use images/Wykres_stale_krawedzie_Floyd_Warshall_Johnson.pdf>
Package pdftex.def Info: images/Wykres_stale_krawedzie_Floyd_Warshall_Johnson.p
df  used on input line 2337.
(pdftex.def)             Requested size: 320.09349pt x 240.08366pt.
 [68 <./images/Wykres_stale_krawedzie_Floyd_Warshall_Johnson.pdf>]
<images/Wykres_Dijkstra_all_vs_Johnson.pdf, id=1577, 462.52798pt x 346.89601pt>

File: images/Wykres_Dijkstra_all_vs_Johnson.pdf Graphic file (type pdf)
<use images/Wykres_Dijkstra_all_vs_Johnson.pdf>
Package pdftex.def Info: images/Wykres_Dijkstra_all_vs_Johnson.pdf  used on inp
ut line 2350.
(pdftex.def)             Requested size: 384.10959pt x 288.09828pt.
<images/Wykres_granica_gestego_grafu_10_wierzcholkow.pdf, id=1578, 462.52798pt 
x 346.89601pt>
File: images/Wykres_granica_gestego_grafu_10_wierzcholkow.pdf Graphic file (typ
e pdf)
<use images/Wykres_granica_gestego_grafu_10_wierzcholkow.pdf>
Package pdftex.def Info: images/Wykres_granica_gestego_grafu_10_wierzcholkow.pd
f  used on input line 2362.
(pdftex.def)             Requested size: 341.43436pt x 256.0903pt.
 [69 <./images/Wykres_Dijkstra_all_vs_Johnson.pdf>]
<images/Wykres_granica_gestego_grafu_50_wierzcholkow.pdf, id=1618, 462.52798pt 
x 346.89601pt>
File: images/Wykres_granica_gestego_grafu_50_wierzcholkow.pdf Graphic file (typ
e pdf)
<use images/Wykres_granica_gestego_grafu_50_wierzcholkow.pdf>
Package pdftex.def Info: images/Wykres_granica_gestego_grafu_50_wierzcholkow.pd
f  used on input line 2369.
(pdftex.def)             Requested size: 341.43436pt x 256.0903pt.

Underfull \vbox (badness 1087) has occurred while \output is active []

 [70 <./images/Wykres_granica_gestego_grafu_10_wierzcholkow.pdf> <./images/Wykr
es_granica_gestego_grafu_50_wierzcholkow.pdf

pdfTeX warning: pdflatex (file ./images/Wykres_granica_gestego_grafu_50_wierzch
olkow.pdf): PDF inclusion: multiple pdfs with page group included in a single p
age
>]
<images/Wykres_granica_gestego_grafu_100_wierzcholkow.pdf, id=1690, 462.52798pt
 x 346.89601pt>
File: images/Wykres_granica_gestego_grafu_100_wierzcholkow.pdf Graphic file (ty
pe pdf)
<use images/Wykres_granica_gestego_grafu_100_wierzcholkow.pdf>
Package pdftex.def Info: images/Wykres_granica_gestego_grafu_100_wierzcholkow.p
df  used on input line 2382.
(pdftex.def)             Requested size: 341.43436pt x 256.0903pt.
 [71 <./images/Wykres_granica_gestego_grafu_100_wierzcholkow.pdf>]
<images/Wykres_granica_gestego_grafu_150_wierzcholkow.pdf, id=1727, 462.52798pt
 x 346.89601pt>
File: images/Wykres_granica_gestego_grafu_150_wierzcholkow.pdf Graphic file (ty
pe pdf)
<use images/Wykres_granica_gestego_grafu_150_wierzcholkow.pdf>
Package pdftex.def Info: images/Wykres_granica_gestego_grafu_150_wierzcholkow.p
df  used on input line 2391.
(pdftex.def)             Requested size: 341.43436pt x 256.0903pt.
 [72 <./images/Wykres_granica_gestego_grafu_150_wierzcholkow.pdf>] [73] [74

] [75] [76

]
[77] [78] ("C:\Program Files\MiKTeX 2.9\tex/latex/base\cp1250.def"
File: cp1250.def 2018/08/11 v1.3c Input encoding file
) [79]
("C:\Program Files\MiKTeX 2.9\tex/latex/base\cp1250.def"
File: cp1250.def 2018/08/11 v1.3c Input encoding file
)
("C:\Program Files\MiKTeX 2.9\tex/latex/base\cp1250.def"
File: cp1250.def 2018/08/11 v1.3c Input encoding file
) [80]
("C:\Program Files\MiKTeX 2.9\tex/latex/base\cp1250.def"
File: cp1250.def 2018/08/11 v1.3c Input encoding file
) [81]
("C:\Program Files\MiKTeX 2.9\tex/latex/base\cp1250.def"
File: cp1250.def 2018/08/11 v1.3c Input encoding file
) [82]
("C:\Program Files\MiKTeX 2.9\tex/latex/base\cp1250.def"
File: cp1250.def 2018/08/11 v1.3c Input encoding file
)
("C:\Program Files\MiKTeX 2.9\tex/latex/base\cp1250.def"
File: cp1250.def 2018/08/11 v1.3c Input encoding file
) [83]
Underfull \vbox (badness 10000) has occurred while \output is active []

 [84]
("C:\Program Files\MiKTeX 2.9\tex/latex/base\cp1250.def"
File: cp1250.def 2018/08/11 v1.3c Input encoding file
)
Underfull \vbox (badness 1577) has occurred while \output is active []

 [85]
[86] [87

]
Package atveryend Info: Empty hook `BeforeClearDocument' on input line 2555.
Package atveryend Info: Empty hook `AfterLastShipout' on input line 2555.
 (Jakub_Wasik.aux)
Package atveryend Info: Executing hook `AtVeryEndDocument' on input line 2555.
Package atveryend Info: Executing hook `AtEndAfterFileList' on input line 2555.

Package rerunfilecheck Info: File `Jakub_Wasik.out' has not changed.
(rerunfilecheck)             Checksum: 99B006E89403F47DC074EACBB74DDA21;2487.
Package atveryend Info: Empty hook `AtVeryVeryEnd' on input line 2555.
 ) 
Here is how much of TeX's memory you used:
 27230 strings out of 492902
 517704 string characters out of 3133550
 833368 words of memory out of 3000000
 29626 multiletter control sequences out of 15000+200000
 113337 words of font info for 115 fonts, out of 3000000 for 9000
 1141 hyphenation exceptions out of 8191
 55i,23n,80p,2090b,2491s stack positions out of 5000i,500n,10000p,200000b,50000s
{C:/Program Files/MiKTeX 2.9/fonts/enc/dvips/lm/lm-qxtt.enc}{C:/Program Files
/MiKTeX 2.9/fonts/enc/dvips/lm/lm-mathsy.enc}{C:/Program Files/MiKTeX 2.9/fonts
/enc/dvips/lm/lm-mathit.enc}{C:/Program Files/MiKTeX 2.9/fonts/enc/dvips/lm/lm-
rm.enc}{C:/Program Files/MiKTeX 2.9/fonts/enc/dvips/lm/lm-qx.enc}{C:/Program Fi
les/MiKTeX 2.9/fonts/enc/dvips/lm/lm-mathex.enc}<C:/Program Files/MiKTeX 2.9/fo
nts/type1/public/amsfonts/latxfont/lasy10.pfb><C:/Program Files/MiKTeX 2.9/font
s/type1/public/lm/lmb10.pfb><C:/Program Files/MiKTeX 2.9/fonts/type1/public/lm/
lmbx12.pfb><C:/Program Files/MiKTeX 2.9/fonts/type1/public/lm/lmex10.pfb><C:/Pr
ogram Files/MiKTeX 2.9/fonts/type1/public/lm/lmmi10.pfb><C:/Program Files/MiKTe
X 2.9/fonts/type1/public/lm/lmmi12.pfb><C:/Program Files/MiKTeX 2.9/fonts/type1
/public/lm/lmmi6.pfb><C:/Program Files/MiKTeX 2.9/fonts/type1/public/lm/lmmi8.p
fb><C:/Program Files/MiKTeX 2.9/fonts/type1/public/lm/lmmib10.pfb><C:/Program F
iles/MiKTeX 2.9/fonts/type1/public/lm/lmr10.pfb><C:/Program Files/MiKTeX 2.9/fo
nts/type1/public/lm/lmr12.pfb><C:/Program Files/MiKTeX 2.9/fonts/type1/public/l
m/lmr17.pfb><C:/Program Files/MiKTeX 2.9/fonts/type1/public/lm/lmr6.pfb><C:/Pro
gram Files/MiKTeX 2.9/fonts/type1/public/lm/lmr7.pfb><C:/Program Files/MiKTeX 2
.9/fonts/type1/public/lm/lmr8.pfb><C:/Program Files/MiKTeX 2.9/fonts/type1/publ
ic/lm/lmri10.pfb><C:/Program Files/MiKTeX 2.9/fonts/type1/public/lm/lmri12.pfb>
<C:/Program Files/MiKTeX 2.9/fonts/type1/public/lm/lmsy10.pfb><C:/Program Files
/MiKTeX 2.9/fonts/type1/public/lm/lmsy6.pfb><C:/Program Files/MiKTeX 2.9/fonts/
type1/public/lm/lmsy7.pfb><C:/Program Files/MiKTeX 2.9/fonts/type1/public/lm/lm
sy8.pfb><C:/Program Files/MiKTeX 2.9/fonts/type1/public/lm/lmtk10.pfb><C:/Progr
am Files/MiKTeX 2.9/fonts/type1/public/lm/lmtt10.pfb><C:/Program Files/MiKTeX 2
.9/fonts/type1/public/lm/lmtt12.pfb><C:/Program Files/MiKTeX 2.9/fonts/type1/pu
blic/lm/lmtti10.pfb><C:/Program Files/MiKTeX 2.9/fonts/type1/public/amsfonts/sy
mbols/msbm10.pfb><C:/Program Files/MiKTeX 2.9/fonts/type1/public/boondox/zxxrw8
a.pfb>
Output written on Jakub_Wasik.pdf (87 pages, 1778368 bytes).
PDF statistics:
 2341 PDF objects out of 2487 (max. 8388607)
 864 named destinations out of 1000 (max. 500000)
 371 words of extra memory for PDF output out of 10000 (max. 10000000)

